{"/Users/theo/Projects/Work/lextego/frm/channel-router-setup-processor/src/services/logic.service.ts": {"path":"/Users/theo/Projects/Work/lextego/frm/channel-router-setup-processor/src/services/logic.service.ts","all":false,"statementMap":{"0":{"start":{"line":1,"column":0},"end":{"line":1,"column":49}},"1":{"start":{"line":2,"column":0},"end":{"line":2,"column":54}},"2":{"start":{"line":3,"column":0},"end":{"line":3,"column":58}},"3":{"start":{"line":4,"column":0},"end":{"line":4,"column":26}},"4":{"start":{"line":5,"column":0},"end":{"line":5,"column":31}},"5":{"start":{"line":6,"column":0},"end":{"line":6,"column":0}},"6":{"start":{"line":7,"column":0},"end":{"line":7,"column":78}},"7":{"start":{"line":8,"column":0},"end":{"line":8,"column":42}},"8":{"start":{"line":9,"column":0},"end":{"line":9,"column":0}},"9":{"start":{"line":10,"column":0},"end":{"line":10,"column":88}},"10":{"start":{"line":11,"column":0},"end":{"line":11,"column":0}},"11":{"start":{"line":12,"column":0},"end":{"line":12,"column":79}},"12":{"start":{"line":13,"column":0},"end":{"line":13,"column":49}},"13":{"start":{"line":14,"column":0},"end":{"line":14,"column":62}},"14":{"start":{"line":15,"column":0},"end":{"line":15,"column":52}},"15":{"start":{"line":16,"column":0},"end":{"line":16,"column":58}},"16":{"start":{"line":17,"column":0},"end":{"line":17,"column":48}},"17":{"start":{"line":18,"column":0},"end":{"line":18,"column":89}},"18":{"start":{"line":19,"column":0},"end":{"line":19,"column":34}},"19":{"start":{"line":20,"column":0},"end":{"line":20,"column":33}},"20":{"start":{"line":21,"column":0},"end":{"line":21,"column":15}},"21":{"start":{"line":22,"column":0},"end":{"line":22,"column":13}},"22":{"start":{"line":23,"column":0},"end":{"line":23,"column":9}},"23":{"start":{"line":24,"column":0},"end":{"line":24,"column":5}},"24":{"start":{"line":25,"column":0},"end":{"line":25,"column":3}},"25":{"start":{"line":26,"column":0},"end":{"line":26,"column":0}},"26":{"start":{"line":27,"column":0},"end":{"line":27,"column":15}},"27":{"start":{"line":28,"column":0},"end":{"line":28,"column":1}},"28":{"start":{"line":29,"column":0},"end":{"line":29,"column":0}},"29":{"start":{"line":30,"column":0},"end":{"line":30,"column":66}},"30":{"start":{"line":31,"column":0},"end":{"line":31,"column":26}},"31":{"start":{"line":32,"column":0},"end":{"line":32,"column":67}},"32":{"start":{"line":33,"column":0},"end":{"line":33,"column":64}},"33":{"start":{"line":34,"column":0},"end":{"line":34,"column":66}},"34":{"start":{"line":35,"column":0},"end":{"line":35,"column":28}},"35":{"start":{"line":36,"column":0},"end":{"line":36,"column":46}},"36":{"start":{"line":37,"column":0},"end":{"line":37,"column":58}},"37":{"start":{"line":38,"column":0},"end":{"line":38,"column":24}},"38":{"start":{"line":39,"column":0},"end":{"line":39,"column":0}},"39":{"start":{"line":40,"column":0},"end":{"line":40,"column":23}},"40":{"start":{"line":41,"column":0},"end":{"line":41,"column":34}},"41":{"start":{"line":42,"column":0},"end":{"line":42,"column":88}},"42":{"start":{"line":43,"column":0},"end":{"line":43,"column":32}},"43":{"start":{"line":44,"column":0},"end":{"line":44,"column":79}},"44":{"start":{"line":45,"column":0},"end":{"line":45,"column":0}},"45":{"start":{"line":46,"column":0},"end":{"line":46,"column":38}},"46":{"start":{"line":47,"column":0},"end":{"line":47,"column":48}},"47":{"start":{"line":48,"column":0},"end":{"line":48,"column":0}},"48":{"start":{"line":49,"column":0},"end":{"line":49,"column":33}},"49":{"start":{"line":50,"column":0},"end":{"line":50,"column":22}},"50":{"start":{"line":51,"column":0},"end":{"line":51,"column":73}},"51":{"start":{"line":52,"column":0},"end":{"line":52,"column":7}},"52":{"start":{"line":53,"column":0},"end":{"line":53,"column":34}},"53":{"start":{"line":54,"column":0},"end":{"line":54,"column":0}},"54":{"start":{"line":55,"column":0},"end":{"line":55,"column":115}},"55":{"start":{"line":56,"column":0},"end":{"line":56,"column":22}},"56":{"start":{"line":57,"column":0},"end":{"line":57,"column":34}},"57":{"start":{"line":58,"column":0},"end":{"line":58,"column":25}},"58":{"start":{"line":59,"column":0},"end":{"line":59,"column":8}},"59":{"start":{"line":60,"column":0},"end":{"line":60,"column":33}},"60":{"start":{"line":61,"column":0},"end":{"line":61,"column":20}},"61":{"start":{"line":62,"column":0},"end":{"line":62,"column":5}},"62":{"start":{"line":63,"column":0},"end":{"line":63,"column":10}},"63":{"start":{"line":64,"column":0},"end":{"line":64,"column":52}},"64":{"start":{"line":65,"column":0},"end":{"line":65,"column":0}},"65":{"start":{"line":66,"column":0},"end":{"line":66,"column":12}},"66":{"start":{"line":67,"column":0},"end":{"line":67,"column":21}},"67":{"start":{"line":68,"column":0},"end":{"line":68,"column":23}},"68":{"start":{"line":69,"column":0},"end":{"line":69,"column":6}},"69":{"start":{"line":70,"column":0},"end":{"line":70,"column":3}},"70":{"start":{"line":71,"column":0},"end":{"line":71,"column":2}},"71":{"start":{"line":72,"column":0},"end":{"line":72,"column":0}},"72":{"start":{"line":73,"column":0},"end":{"line":73,"column":101}},"73":{"start":{"line":74,"column":0},"end":{"line":74,"column":50}},"74":{"start":{"line":75,"column":0},"end":{"line":75,"column":67}},"75":{"start":{"line":76,"column":0},"end":{"line":76,"column":31}},"76":{"start":{"line":77,"column":0},"end":{"line":77,"column":113}},"77":{"start":{"line":78,"column":0},"end":{"line":78,"column":49}},"78":{"start":{"line":79,"column":0},"end":{"line":79,"column":3}},"79":{"start":{"line":80,"column":0},"end":{"line":80,"column":2}}},"s":{"0":1,"1":1,"2":1,"3":1,"4":1,"5":1,"6":2,"7":2,"8":2,"9":2,"10":2,"11":2,"12":2,"13":4,"14":4,"15":8,"16":8,"17":10,"18":10,"19":4,"20":4,"21":10,"22":8,"23":4,"24":2,"25":2,"26":2,"27":2,"28":1,"29":1,"30":3,"31":3,"32":3,"33":2,"34":2,"35":2,"36":2,"37":2,"38":2,"39":2,"40":2,"41":2,"42":2,"43":2,"44":2,"45":2,"46":2,"47":2,"48":2,"49":4,"50":4,"51":4,"52":2,"53":2,"54":2,"55":2,"56":2,"57":2,"58":2,"59":2,"60":2,"61":2,"62":3,"63":1,"64":1,"65":1,"66":1,"67":1,"68":1,"69":1,"70":3,"71":1,"72":1,"73":4,"74":4,"75":4,"76":2,"77":2,"78":2,"79":4},"branchMap":{"0":{"type":"branch","line":7,"loc":{"start":{"line":7,"column":0},"end":{"line":28,"column":1}},"locations":[{"start":{"line":7,"column":0},"end":{"line":28,"column":1}}]},"1":{"type":"branch","line":13,"loc":{"start":{"line":13,"column":48},"end":{"line":24,"column":5}},"locations":[{"start":{"line":13,"column":48},"end":{"line":24,"column":5}}]},"2":{"type":"branch","line":15,"loc":{"start":{"line":15,"column":51},"end":{"line":23,"column":9}},"locations":[{"start":{"line":15,"column":51},"end":{"line":23,"column":9}}]},"3":{"type":"branch","line":17,"loc":{"start":{"line":17,"column":47},"end":{"line":22,"column":13}},"locations":[{"start":{"line":17,"column":47},"end":{"line":22,"column":13}}]},"4":{"type":"branch","line":19,"loc":{"start":{"line":19,"column":33},"end":{"line":21,"column":15}},"locations":[{"start":{"line":19,"column":33},"end":{"line":21,"column":15}}]},"5":{"type":"branch","line":10,"loc":{"start":{"line":10,"column":47},"end":{"line":10,"column":86}},"locations":[{"start":{"line":10,"column":47},"end":{"line":10,"column":86}}]},"6":{"type":"branch","line":18,"loc":{"start":{"line":18,"column":48},"end":{"line":18,"column":87}},"locations":[{"start":{"line":18,"column":48},"end":{"line":18,"column":87}}]},"7":{"type":"branch","line":30,"loc":{"start":{"line":30,"column":33},"end":{"line":71,"column":2}},"locations":[{"start":{"line":30,"column":33},"end":{"line":71,"column":2}}]},"8":{"type":"branch","line":33,"loc":{"start":{"line":33,"column":63},"end":{"line":63,"column":9}},"locations":[{"start":{"line":33,"column":63},"end":{"line":63,"column":9}}]},"9":{"type":"branch","line":43,"loc":{"start":{"line":43,"column":17},"end":{"line":43,"column":19}},"locations":[{"start":{"line":43,"column":17},"end":{"line":43,"column":19}}]},"10":{"type":"branch","line":49,"loc":{"start":{"line":49,"column":32},"end":{"line":52,"column":7}},"locations":[{"start":{"line":49,"column":32},"end":{"line":52,"column":7}}]},"11":{"type":"branch","line":63,"loc":{"start":{"line":63,"column":3},"end":{"line":70,"column":3}},"locations":[{"start":{"line":63,"column":3},"end":{"line":70,"column":3}}]},"12":{"type":"branch","line":42,"loc":{"start":{"line":42,"column":49},"end":{"line":42,"column":86}},"locations":[{"start":{"line":42,"column":49},"end":{"line":42,"column":86}}]},"13":{"type":"branch","line":73,"loc":{"start":{"line":73,"column":32},"end":{"line":80,"column":2}},"locations":[{"start":{"line":73,"column":32},"end":{"line":80,"column":2}}]},"14":{"type":"branch","line":76,"loc":{"start":{"line":76,"column":30},"end":{"line":79,"column":3}},"locations":[{"start":{"line":76,"column":30},"end":{"line":79,"column":3}}]}},"b":{"0":[2],"1":[4],"2":[8],"3":[10],"4":[4],"5":[2],"6":[8],"7":[3],"8":[2],"9":[0],"10":[4],"11":[1],"12":[4],"13":[4],"14":[2]},"fnMap":{"0":{"name":"getRuleMap","decl":{"start":{"line":7,"column":0},"end":{"line":28,"column":1}},"loc":{"start":{"line":7,"column":0},"end":{"line":28,"column":1}},"line":7},"1":{"name":"handleTransaction","decl":{"start":{"line":30,"column":33},"end":{"line":71,"column":2}},"loc":{"start":{"line":30,"column":33},"end":{"line":71,"column":2}},"line":30},"2":{"name":"sendRuleToRuleProcessor","decl":{"start":{"line":73,"column":32},"end":{"line":80,"column":2}},"loc":{"start":{"line":73,"column":32},"end":{"line":80,"column":2}},"line":73}},"f":{"0":2,"1":3,"2":4}}
}
