TN:
SF:src/services/logic.service.ts
FN:7,getRuleMap
FN:30,handleTransaction
FN:73,sendRuleToRuleProcessor
FNF:3
FNH:3
FNDA:2,getRuleMap
FNDA:3,handleTransaction
FNDA:4,sendRuleToRuleProcessor
DA:1,1
DA:2,1
DA:3,1
DA:4,1
DA:5,1
DA:6,1
DA:7,2
DA:8,2
DA:9,2
DA:10,2
DA:11,2
DA:12,2
DA:13,2
DA:14,4
DA:15,4
DA:16,8
DA:17,8
DA:18,10
DA:19,10
DA:20,4
DA:21,4
DA:22,10
DA:23,8
DA:24,4
DA:25,2
DA:26,2
DA:27,2
DA:28,2
DA:29,1
DA:30,1
DA:31,3
DA:32,3
DA:33,3
DA:34,2
DA:35,2
DA:36,2
DA:37,2
DA:38,2
DA:39,2
DA:40,2
DA:41,2
DA:42,2
DA:43,2
DA:44,2
DA:45,2
DA:46,2
DA:47,2
DA:48,2
DA:49,2
DA:50,4
DA:51,4
DA:52,4
DA:53,2
DA:54,2
DA:55,2
DA:56,2
DA:57,2
DA:58,2
DA:59,2
DA:60,2
DA:61,2
DA:62,2
DA:63,3
DA:64,1
DA:65,1
DA:66,1
DA:67,1
DA:68,1
DA:69,1
DA:70,1
DA:71,3
DA:72,1
DA:73,1
DA:74,4
DA:75,4
DA:76,4
DA:77,2
DA:78,2
DA:79,2
DA:80,4
LF:80
LH:80
BRDA:7,0,0,2
BRDA:13,1,0,4
BRDA:15,2,0,8
BRDA:17,3,0,10
BRDA:19,4,0,4
BRDA:10,5,0,2
BRDA:18,6,0,8
BRDA:30,7,0,3
BRDA:33,8,0,2
BRDA:43,9,0,0
BRDA:49,10,0,4
BRDA:63,11,0,1
BRDA:42,12,0,4
BRDA:73,13,0,4
BRDA:76,14,0,2
BRF:15
BRH:14
end_of_record
